<?xml version="1.0" encoding="UTF-8"?>
<!-- Generated by org.testng.reporters.JUnitXMLReporter -->
<testsuite ignored="6" hostname="Reshma-PC" failures="0" tests="4" name="Test2" time="134.525" errors="0" timestamp="2022-06-15T15:13:44 IST">
  <testcase classname="com.crm.Campaign.CampaignAdvanceSearchTTC_20Test" name="CampaignAdvanceSearch" time="8.72"/>
  <testcase classname="com.crm.Campaign.CreateCampaignTest" name="createCampaign" time="18.23"/>
  <testcase classname="com.crm.CreateOrganization.CreateOrganizationByExcel" name="CreateOrganization" time="24.894"/>
  <testcase classname="com.crm.CreateOrganization.ToCreateOrganizationTest" name="CreateOrganization" time="16.36"/>
  <testcase classname="GenericUtilities.BaseClassUtilities" name="@BeforeSuite dbconfig" time="0.0">
    <ignored/>
  </testcase> <!-- @BeforeSuite dbconfig -->
  <testcase classname="GenericUtilities.BaseClassUtilities" name="@BeforeSuite dbconfig" time="0.0">
    <ignored/>
  </testcase> <!-- @BeforeSuite dbconfig -->
  <testcase classname="GenericUtilities.BaseClassUtilities" name="@BeforeSuite dbconfig" time="0.0">
    <ignored/>
  </testcase> <!-- @BeforeSuite dbconfig -->
  <testcase classname="GenericUtilities.BaseClassUtilities" name="@AfterSuite closeDBConfig" time="0.0">
    <ignored/>
  </testcase> <!-- @AfterSuite closeDBConfig -->
  <testcase classname="GenericUtilities.BaseClassUtilities" name="@AfterSuite closeDBConfig" time="0.0">
    <ignored/>
  </testcase> <!-- @AfterSuite closeDBConfig -->
  <testcase classname="GenericUtilities.BaseClassUtilities" name="@AfterSuite closeDBConfig" time="0.0">
    <ignored/>
  </testcase> <!-- @AfterSuite closeDBConfig -->
</testsuite> <!-- Test2 -->
