<?xml version="1.0" encoding="UTF-8"?>
<!-- Generated by org.testng.reporters.JUnitXMLReporter -->
<testsuite ignored="4" hostname="Reshma-PC" failures="0" tests="3" name="TestRunner1" time="179.369" errors="0" timestamp="2022-06-15T17:31:20 IST">
  <testcase classname="com.crm.CreateProducts.CreateProductionTest" name="CreateProduct" time="84.968"/>
  <testcase classname="com.crm.Campaign.CampaignAdvanceSaerchTest" name="CampaignAdvanceSearch" time="8.268"/>
  <testcase classname="com.crm.CreateProducts.CreateproductionbyexcelTest" name="CreateProduct" time="17.066"/>
  <testcase classname="GenericUtilities.BaseClassUtilities" name="@BeforeSuite dbconfig" time="0.0">
    <ignored/>
  </testcase> <!-- @BeforeSuite dbconfig -->
  <testcase classname="GenericUtilities.BaseClassUtilities" name="@BeforeSuite dbconfig" time="0.0">
    <ignored/>
  </testcase> <!-- @BeforeSuite dbconfig -->
  <testcase classname="GenericUtilities.BaseClassUtilities" name="@AfterSuite closeDBConfig" time="0.0">
    <ignored/>
  </testcase> <!-- @AfterSuite closeDBConfig -->
  <testcase classname="GenericUtilities.BaseClassUtilities" name="@AfterSuite closeDBConfig" time="0.0">
    <ignored/>
  </testcase> <!-- @AfterSuite closeDBConfig -->
</testsuite> <!-- TestRunner1 -->
