<?xml version="1.0" encoding="UTF-8"?>
<!-- Generated by org.testng.reporters.JUnitXMLReporter -->
<testsuite ignored="12" hostname="Reshma-PC" failures="0" tests="7" name="Test1" time="246.906" errors="0" timestamp="2022-06-15T15:28:22 IST">
  <testcase classname="com.crm.Campaign.CampaignAdvanceSaerchTest" name="CampaignAdvanceSearch" time="63.581"/>
  <testcase classname="com.crm.Campaign.CampaignAdvanceSearchTTC_20Test" name="CampaignAdvanceSearch" time="61.234"/>
  <testcase classname="com.crm.CreateProducts.CreateproductionbyexcelTest" name="CreateProduct" time="99.242"/>
  <testcase classname="com.crm.CreateProducts.CreateProductionTest" name="CreateProduct" time="100.02"/>
  <testcase classname="com.crm.Campaign.CreateCampaignTest" name="createCampaign" time="33.103"/>
  <testcase classname="com.crm.CreateOrganization.ToCreateOrganizationTest" name="CreateOrganization" time="23.861"/>
  <testcase classname="com.crm.CreateOrganization.CreateOrganizationByExcel" name="CreateOrganization" time="42.286"/>
  <testcase classname="GenericUtilities.BaseClassUtilities" name="@BeforeSuite dbconfig" time="0.0">
    <ignored/>
  </testcase> <!-- @BeforeSuite dbconfig -->
  <testcase classname="GenericUtilities.BaseClassUtilities" name="@BeforeSuite dbconfig" time="0.0">
    <ignored/>
  </testcase> <!-- @BeforeSuite dbconfig -->
  <testcase classname="GenericUtilities.BaseClassUtilities" name="@BeforeSuite dbconfig" time="0.0">
    <ignored/>
  </testcase> <!-- @BeforeSuite dbconfig -->
  <testcase classname="GenericUtilities.BaseClassUtilities" name="@BeforeSuite dbconfig" time="0.0">
    <ignored/>
  </testcase> <!-- @BeforeSuite dbconfig -->
  <testcase classname="GenericUtilities.BaseClassUtilities" name="@BeforeSuite dbconfig" time="0.0">
    <ignored/>
  </testcase> <!-- @BeforeSuite dbconfig -->
  <testcase classname="GenericUtilities.BaseClassUtilities" name="@BeforeSuite dbconfig" time="0.0">
    <ignored/>
  </testcase> <!-- @BeforeSuite dbconfig -->
  <testcase classname="GenericUtilities.BaseClassUtilities" name="@AfterSuite closeDBConfig" time="0.0">
    <ignored/>
  </testcase> <!-- @AfterSuite closeDBConfig -->
  <testcase classname="GenericUtilities.BaseClassUtilities" name="@AfterSuite closeDBConfig" time="0.0">
    <ignored/>
  </testcase> <!-- @AfterSuite closeDBConfig -->
  <testcase classname="GenericUtilities.BaseClassUtilities" name="@AfterSuite closeDBConfig" time="0.0">
    <ignored/>
  </testcase> <!-- @AfterSuite closeDBConfig -->
  <testcase classname="GenericUtilities.BaseClassUtilities" name="@AfterSuite closeDBConfig" time="0.0">
    <ignored/>
  </testcase> <!-- @AfterSuite closeDBConfig -->
  <testcase classname="GenericUtilities.BaseClassUtilities" name="@AfterSuite closeDBConfig" time="0.0">
    <ignored/>
  </testcase> <!-- @AfterSuite closeDBConfig -->
  <testcase classname="GenericUtilities.BaseClassUtilities" name="@AfterSuite closeDBConfig" time="0.0">
    <ignored/>
  </testcase> <!-- @AfterSuite closeDBConfig -->
</testsuite> <!-- Test1 -->
